<?xml version="1.0" encoding="UTF-8"?>
<!-- Generated by org.testng.reporters.JUnitXMLReporter -->
<testsuite ignored="0" hostname="ITA-003" failures="0" tests="6" name="Default test" time="20.211" errors="0" timestamp="2024-08-09T19:11:16 IST">
  <testcase classname="Automation_practice.TestNG" name="end" time="0.007"/>
  <testcase classname="Automation_practice.TestNG" name="start" time="5.613"/>
  <testcase classname="Automation_practice.TestNG" name="start" time="4.711"/>
  <testcase classname="Automation_practice.TestNG" name="start" time="4.839"/>
  <testcase classname="Automation_practice.TestNG" name="start" time="4.965"/>
  <testcase classname="Automation_practice.TestNG" name="login" time="0.001"/>
</testsuite> <!-- Default test -->
