<?xml version="1.0" encoding="UTF-8"?>
<testng-results ignored="0" total="6" passed="6" failed="0" skipped="0">
  <reporter-output>
  </reporter-output>
  <suite started-at="2024-08-09T19:10:56 IST" name="Default suite" finished-at="2024-08-09T19:11:16 IST" duration-ms="20211">
    <groups>
    </groups>
    <test started-at="2024-08-09T19:10:56 IST" name="Default test" finished-at="2024-08-09T19:11:16 IST" duration-ms="20211">
      <class name="Automation_practice.TestNG">
        <test-method signature="end()[pri:-2, instance:Automation_practice.TestNG@5b8dfcc1]" started-at="2024-08-09T19:10:56 IST" name="end" finished-at="2024-08-09T19:10:56 IST" duration-ms="7" status="PASS">
          <reporter-output>
          </reporter-output>
        </test-method> <!-- end -->
        <test-method signature="start(java.lang.String,java.lang.String)[pri:-1, instance:Automation_practice.TestNG@5b8dfcc1]" started-at="2024-08-09T19:10:56 IST" name="start" data-provider="dp" finished-at="2024-08-09T19:11:01 IST" duration-ms="5613" status="PASS">
          <params>
            <param index="0">
              <value>
                <![CDATA[Admin]]>
              </value>
            </param>
            <param index="1">
              <value>
                <![CDATA[admin123]]>
              </value>
            </param>
          </params>
          <reporter-output>
          </reporter-output>
        </test-method> <!-- start -->
        <test-method signature="start(java.lang.String,java.lang.String)[pri:-1, instance:Automation_practice.TestNG@5b8dfcc1]" started-at="2024-08-09T19:11:01 IST" name="start" data-provider="dp" finished-at="2024-08-09T19:11:06 IST" duration-ms="4711" status="PASS">
          <params>
            <param index="0">
              <value>
                <![CDATA[Admin1]]>
              </value>
            </param>
            <param index="1">
              <value>
                <![CDATA[admin1234]]>
              </value>
            </param>
          </params>
          <reporter-output>
          </reporter-output>
        </test-method> <!-- start -->
        <test-method signature="start(java.lang.String,java.lang.String)[pri:-1, instance:Automation_practice.TestNG@5b8dfcc1]" started-at="2024-08-09T19:11:06 IST" name="start" data-provider="dp" finished-at="2024-08-09T19:11:11 IST" duration-ms="4839" status="PASS">
          <params>
            <param index="0">
              <value>
                <![CDATA[Admin2]]>
              </value>
            </param>
            <param index="1">
              <value>
                <![CDATA[admin12345]]>
              </value>
            </param>
          </params>
          <reporter-output>
          </reporter-output>
        </test-method> <!-- start -->
        <test-method signature="start(java.lang.String,java.lang.String)[pri:-1, instance:Automation_practice.TestNG@5b8dfcc1]" started-at="2024-08-09T19:11:11 IST" name="start" data-provider="dp" finished-at="2024-08-09T19:11:16 IST" duration-ms="4965" status="PASS">
          <params>
            <param index="0">
              <value>
                <![CDATA[Admin3]]>
              </value>
            </param>
            <param index="1">
              <value>
                <![CDATA[admin123456]]>
              </value>
            </param>
          </params>
          <reporter-output>
          </reporter-output>
        </test-method> <!-- start -->
        <test-method signature="login()[pri:0, instance:Automation_practice.TestNG@5b8dfcc1]" started-at="2024-08-09T19:11:16 IST" name="login" finished-at="2024-08-09T19:11:16 IST" duration-ms="1" status="PASS">
          <reporter-output>
          </reporter-output>
        </test-method> <!-- login -->
      </class> <!-- Automation_practice.TestNG -->
    </test> <!-- Default test -->
  </suite> <!-- Default suite -->
</testng-results>
